C51 COMPILER V9.00   DELAY                                                                 12/26/2021 11:17:14 PAGE 1   


C51 COMPILER V9.00, COMPILATION OF MODULE DELAY
OBJECT MODULE PLACED IN Delay.OBJ
COMPILER INVOKED BY: d:\KeilForC51PRO\C51\BIN\C51.EXE Delay.c BROWSE DEBUG OBJECTEXTEND

line level    source

   1          #include"Delay.h"
   2          void Delay_s(uint m)
   3          {
   4   1              uint n1,n2;
   5   1              for(n1=0;n1<m;n1++)
   6   1              {
   7   2                      for(n2=0;n2<133;n2++)
   8   2                      {}
   9   2              }
  10   1      }


MODULE INFORMATION:   STATIC OVERLAYABLE
   CODE SIZE        =     32    ----
   CONSTANT SIZE    =   ----    ----
   XDATA SIZE       =   ----    ----
   PDATA SIZE       =   ----    ----
   DATA SIZE        =   ----    ----
   IDATA SIZE       =   ----    ----
   BIT SIZE         =   ----    ----
END OF MODULE INFORMATION.


C51 COMPILATION COMPLETE.  0 WARNING(S),  0 ERROR(S)
