C51 COMPILER V9.00   MOTOR                                                                 12/26/2021 11:17:14 PAGE 1   


C51 COMPILER V9.00, COMPILATION OF MODULE MOTOR
OBJECT MODULE PLACED IN motor.OBJ
COMPILER INVOKED BY: d:\KeilForC51PRO\C51\BIN\C51.EXE motor.c BROWSE DEBUG OBJECTEXTEND

line level    source

   1          #include"motor.h"
   2          
   3          void Go_Up()
   4          {
   5   1              La=1;
   6   1              Lb=0;
   7   1              Ra=1;
   8   1              Rb=0;
   9   1      }
  10          void Turn_Right()
  11          {
  12   1              La=1;
  13   1              Lb=0;
  14   1              Ra=0;
  15   1              Rb=1;
  16   1      }
  17          void Turn_Left()
  18          {
  19   1              La=0;
  20   1              Lb=1;
  21   1              Ra=1;
  22   1              Rb=0;
  23   1      }
  24          void Go_Stop()
  25          {
  26   1              La=0;
  27   1              Lb=0;
  28   1              Ra=0;
  29   1              Rb=0;
  30   1      }
  31          void Go_Down()
  32          {
  33   1              La=0;
  34   1              Lb=1;
  35   1              Ra=0;
  36   1              Rb=1;
  37   1      }


MODULE INFORMATION:   STATIC OVERLAYABLE
   CODE SIZE        =     45    ----
   CONSTANT SIZE    =   ----    ----
   XDATA SIZE       =   ----    ----
   PDATA SIZE       =   ----    ----
   DATA SIZE        =   ----    ----
   IDATA SIZE       =   ----    ----
   BIT SIZE         =   ----    ----
END OF MODULE INFORMATION.


C51 COMPILATION COMPLETE.  0 WARNING(S),  0 ERROR(S)
