C51 COMPILER V9.00   UART                                                                  12/26/2021 11:17:15 PAGE 1   


C51 COMPILER V9.00, COMPILATION OF MODULE UART
OBJECT MODULE PLACED IN Uart.OBJ
COMPILER INVOKED BY: d:\KeilForC51PRO\C51\BIN\C51.EXE Uart.c BROWSE DEBUG OBJECTEXTEND

line level    source

   1          #include"Uart.h"
   2          
   3          uchar revbuf='0';
   4          void UART_init(void)
   5          {
   6   1                      TMOD=0x20;
   7   1                      TH1=0xfd;
   8   1                      TL1=0xfd;
   9   1                      TR1=1;
  10   1              
  11   1                      SM0=0;
  12   1                      SM1=1;
  13   1                      REN=1;
  14   1                      ES =1;
  15   1                      EA =1;
  16   1      }
  17          void Bluetooth()
  18          {
  19   1              if(revbuf=='a')
  20   1                              {
  21   2                                      Go_Up();
  22   2                              }
  23   1              if(revbuf=='b')
  24   1                              {
  25   2                                      Go_Stop();
  26   2                              }
  27   1              while(revbuf=='c')
  28   1                              {
  29   2                                      Turn_Left();
  30   2                                      Delay_s(50);
  31   2                              }
  32   1              while(revbuf=='d')
  33   1                              {
  34   2                                      Turn_Right();
  35   2                                      Delay_s(50);
  36   2                              }
  37   1              if(revbuf=='e')
  38   1                              {
  39   2                                      Go_Down();
  40   2                              }
  41   1      }
  42          void uart_isr(void) interrupt 4
  43                  {
  44   1                      if(RI == 1)
  45   1                      {
  46   2                              RI=0;
  47   2                              revbuf=SBUF;
  48   2                      }
  49   1              }


MODULE INFORMATION:   STATIC OVERLAYABLE
   CODE SIZE        =     90    ----
   CONSTANT SIZE    =   ----    ----
   XDATA SIZE       =   ----    ----
C51 COMPILER V9.00   UART                                                                  12/26/2021 11:17:15 PAGE 2   

   PDATA SIZE       =   ----    ----
   DATA SIZE        =      1    ----
   IDATA SIZE       =   ----    ----
   BIT SIZE         =   ----    ----
END OF MODULE INFORMATION.


C51 COMPILATION COMPLETE.  0 WARNING(S),  0 ERROR(S)
